2021-09-01 17:24:45,212 - movie_review_logger - INFO - 가상 브라우저 실행...
2021-09-01 17:24:46,559 - movie_review_logger - INFO - 밥정 리뷰 수집 시작...
2021-09-01 17:24:47,217 - movie_review_logger - INFO - 1 페이지 완료...
2021-09-01 17:24:47,799 - movie_review_logger - INFO - 2 페이지 완료...
2021-09-01 17:24:48,391 - movie_review_logger - INFO - 3 페이지 완료...
2021-09-01 17:24:48,948 - movie_review_logger - INFO - 4 페이지 완료...
2021-09-01 17:24:49,498 - movie_review_logger - INFO - 5 페이지 완료...
2021-09-01 17:24:50,105 - movie_review_logger - INFO - 6 페이지 완료...
2021-09-01 17:24:50,653 - movie_review_logger - INFO - 7 페이지 완료...
2021-09-01 17:24:51,139 - movie_review_logger - INFO - 8 페이지 완료...
2021-09-01 17:24:51,678 - movie_review_logger - INFO - 9 페이지 완료...
2021-09-01 17:24:52,179 - movie_review_logger - INFO - 10 페이지 완료...
2021-09-01 17:24:52,757 - movie_review_logger - INFO - 11 페이지 완료...
2021-09-01 17:24:53,384 - movie_review_logger - INFO - 12 페이지 완료...
2021-09-01 17:24:53,964 - movie_review_logger - INFO - 13 페이지 완료...
2021-09-01 17:24:54,605 - movie_review_logger - INFO - 14 페이지 완료...
2021-09-01 17:24:55,215 - movie_review_logger - INFO - 15 페이지 완료...
2021-09-01 17:24:55,855 - movie_review_logger - INFO - 16 페이지 완료...
2021-09-01 17:24:56,391 - movie_review_logger - INFO - 17 페이지 완료...
2021-09-01 17:24:56,948 - movie_review_logger - INFO - 18 페이지 완료...
2021-09-01 17:24:57,431 - movie_review_logger - INFO - 19 페이지 완료...
2021-09-01 17:24:57,978 - movie_review_logger - INFO - 20 페이지 완료...
2021-09-01 17:24:58,577 - movie_review_logger - INFO - 21 페이지 완료...
2021-09-01 17:24:59,121 - movie_review_logger - INFO - 22 페이지 완료...
2021-09-01 17:24:59,619 - movie_review_logger - INFO - 23 페이지 완료...
2021-09-01 17:25:00,116 - movie_review_logger - INFO - 24 페이지 완료...
2021-09-01 17:25:00,697 - movie_review_logger - INFO - 25 페이지 완료...
2021-09-01 17:25:01,239 - movie_review_logger - INFO - 26 페이지 완료...
2021-09-01 17:25:01,779 - movie_review_logger - INFO - 27 페이지 완료...
2021-09-01 17:25:02,291 - movie_review_logger - INFO - 28 페이지 완료...
2021-09-01 17:25:02,801 - movie_review_logger - INFO - 29 페이지 완료...
2021-09-01 17:25:03,361 - movie_review_logger - INFO - 30 페이지 완료...
2021-09-01 17:25:03,993 - movie_review_logger - INFO - 31 페이지 완료...
2021-09-01 17:25:04,169 - movie_review_logger - INFO - 밥정 영화 리뷰 수집완료...
2021-09-01 17:25:05,102 - movie_review_logger - INFO - 그린 북 리뷰 수집 시작...
2021-09-01 17:25:05,651 - movie_review_logger - INFO - 1 페이지 완료...
2021-09-01 17:25:06,271 - movie_review_logger - INFO - 2 페이지 완료...
2021-09-01 17:25:06,763 - movie_review_logger - INFO - 3 페이지 완료...
2021-09-01 17:25:07,273 - movie_review_logger - INFO - 4 페이지 완료...
2021-09-01 17:25:07,808 - movie_review_logger - INFO - 5 페이지 완료...
2021-09-01 17:25:08,328 - movie_review_logger - INFO - 6 페이지 완료...
2021-09-01 17:25:08,827 - movie_review_logger - INFO - 7 페이지 완료...
2021-09-01 17:25:09,312 - movie_review_logger - INFO - 8 페이지 완료...
2021-09-01 17:25:09,897 - movie_review_logger - INFO - 9 페이지 완료...
2021-09-01 17:25:10,390 - movie_review_logger - INFO - 10 페이지 완료...
2021-09-01 17:25:10,853 - movie_review_logger - INFO - 11 페이지 완료...
2021-09-01 17:25:11,322 - movie_review_logger - INFO - 12 페이지 완료...
2021-09-01 17:25:11,861 - movie_review_logger - INFO - 13 페이지 완료...
2021-09-01 17:25:12,368 - movie_review_logger - INFO - 14 페이지 완료...
2021-09-01 17:25:12,840 - movie_review_logger - INFO - 15 페이지 완료...
2021-09-01 17:25:13,378 - movie_review_logger - INFO - 16 페이지 완료...
2021-09-01 17:25:13,915 - movie_review_logger - INFO - 17 페이지 완료...
2021-09-01 17:25:14,415 - movie_review_logger - INFO - 18 페이지 완료...
2021-09-01 17:25:14,934 - movie_review_logger - INFO - 19 페이지 완료...
2021-09-01 17:25:15,429 - movie_review_logger - INFO - 20 페이지 완료...
2021-09-01 17:25:15,902 - movie_review_logger - INFO - 21 페이지 완료...
2021-09-01 17:25:16,373 - movie_review_logger - INFO - 22 페이지 완료...
2021-09-01 17:25:16,869 - movie_review_logger - INFO - 23 페이지 완료...
2021-09-01 17:25:17,341 - movie_review_logger - INFO - 24 페이지 완료...
2021-09-01 17:25:17,854 - movie_review_logger - INFO - 25 페이지 완료...
2021-09-01 17:25:18,366 - movie_review_logger - INFO - 26 페이지 완료...
2021-09-01 17:25:18,899 - movie_review_logger - INFO - 27 페이지 완료...
2021-09-01 17:25:19,382 - movie_review_logger - INFO - 28 페이지 완료...
2021-09-01 17:25:19,862 - movie_review_logger - INFO - 29 페이지 완료...
2021-09-01 17:25:20,335 - movie_review_logger - INFO - 30 페이지 완료...
2021-09-01 17:25:20,857 - movie_review_logger - INFO - 31 페이지 완료...
2021-09-01 17:25:21,380 - movie_review_logger - INFO - 32 페이지 완료...
2021-09-01 17:25:21,908 - movie_review_logger - INFO - 33 페이지 완료...
2021-09-01 17:25:22,382 - movie_review_logger - INFO - 34 페이지 완료...
2021-09-01 17:25:22,869 - movie_review_logger - INFO - 35 페이지 완료...
2021-09-01 17:25:23,413 - movie_review_logger - INFO - 36 페이지 완료...
2021-09-01 17:25:23,986 - movie_review_logger - INFO - 37 페이지 완료...
2021-09-01 17:25:24,553 - movie_review_logger - INFO - 38 페이지 완료...
2021-09-01 17:25:25,087 - movie_review_logger - INFO - 39 페이지 완료...
2021-09-01 17:25:25,642 - movie_review_logger - INFO - 40 페이지 완료...
2021-09-01 17:25:26,169 - movie_review_logger - INFO - 41 페이지 완료...
2021-09-01 17:25:26,657 - movie_review_logger - INFO - 42 페이지 완료...
2021-09-01 17:25:27,163 - movie_review_logger - INFO - 43 페이지 완료...
2021-09-01 17:25:27,733 - movie_review_logger - INFO - 44 페이지 완료...
2021-09-01 17:25:28,277 - movie_review_logger - INFO - 45 페이지 완료...
2021-09-01 17:25:28,833 - movie_review_logger - INFO - 46 페이지 완료...
2021-09-01 17:25:29,375 - movie_review_logger - INFO - 47 페이지 완료...
2021-09-01 17:25:29,894 - movie_review_logger - INFO - 48 페이지 완료...
2021-09-01 17:25:30,443 - movie_review_logger - INFO - 49 페이지 완료...
2021-09-01 17:25:30,991 - movie_review_logger - INFO - 50 페이지 완료...
2021-09-01 17:25:31,593 - movie_review_logger - INFO - 51 페이지 완료...
2021-09-01 17:25:32,096 - movie_review_logger - INFO - 52 페이지 완료...
2021-09-01 17:25:32,623 - movie_review_logger - INFO - 53 페이지 완료...
2021-09-01 17:25:33,203 - movie_review_logger - INFO - 54 페이지 완료...
2021-09-01 17:25:33,789 - movie_review_logger - INFO - 55 페이지 완료...
2021-09-01 17:25:34,339 - movie_review_logger - INFO - 56 페이지 완료...
2021-09-01 17:25:34,957 - movie_review_logger - INFO - 57 페이지 완료...
2021-09-01 17:25:35,555 - movie_review_logger - INFO - 58 페이지 완료...
2021-09-01 17:25:36,073 - movie_review_logger - INFO - 59 페이지 완료...
2021-09-01 17:25:36,613 - movie_review_logger - INFO - 60 페이지 완료...
2021-09-01 17:25:37,208 - movie_review_logger - INFO - 61 페이지 완료...
2021-09-01 17:25:37,772 - movie_review_logger - INFO - 62 페이지 완료...
2021-09-01 17:25:38,295 - movie_review_logger - INFO - 63 페이지 완료...
2021-09-01 17:25:38,836 - movie_review_logger - INFO - 64 페이지 완료...
2021-09-01 17:25:39,353 - movie_review_logger - INFO - 65 페이지 완료...
2021-09-01 17:25:39,910 - movie_review_logger - INFO - 66 페이지 완료...
2021-09-01 17:25:40,451 - movie_review_logger - INFO - 67 페이지 완료...
2021-09-01 17:25:41,061 - movie_review_logger - INFO - 68 페이지 완료...
2021-09-01 17:25:41,533 - movie_review_logger - INFO - 69 페이지 완료...
2021-09-01 17:25:42,103 - movie_review_logger - INFO - 70 페이지 완료...
2021-09-01 17:25:42,653 - movie_review_logger - INFO - 71 페이지 완료...
2021-09-01 17:25:43,161 - movie_review_logger - INFO - 72 페이지 완료...
2021-09-01 17:25:43,677 - movie_review_logger - INFO - 73 페이지 완료...
2021-09-01 17:25:44,399 - movie_review_logger - INFO - 74 페이지 완료...
2021-09-01 17:25:44,995 - movie_review_logger - INFO - 75 페이지 완료...
2021-09-01 17:25:45,612 - movie_review_logger - INFO - 76 페이지 완료...
2021-09-01 17:25:46,133 - movie_review_logger - INFO - 77 페이지 완료...
2021-09-01 17:25:46,654 - movie_review_logger - INFO - 78 페이지 완료...
2021-09-01 17:25:47,315 - movie_review_logger - INFO - 79 페이지 완료...
2021-09-01 17:25:47,895 - movie_review_logger - INFO - 80 페이지 완료...
2021-09-01 17:25:48,392 - movie_review_logger - INFO - 81 페이지 완료...
2021-09-01 17:25:48,942 - movie_review_logger - INFO - 82 페이지 완료...
2021-09-01 17:25:49,450 - movie_review_logger - INFO - 83 페이지 완료...
2021-09-01 17:25:50,085 - movie_review_logger - INFO - 84 페이지 완료...
2021-09-01 17:25:50,627 - movie_review_logger - INFO - 85 페이지 완료...
2021-09-01 17:25:51,517 - movie_review_logger - INFO - 86 페이지 완료...
2021-09-01 17:25:52,078 - movie_review_logger - INFO - 87 페이지 완료...
2021-09-01 17:25:52,568 - movie_review_logger - INFO - 88 페이지 완료...
2021-09-01 17:25:53,086 - movie_review_logger - INFO - 89 페이지 완료...
2021-09-01 17:25:53,696 - movie_review_logger - INFO - 90 페이지 완료...
2021-09-01 17:25:54,166 - movie_review_logger - INFO - 91 페이지 완료...
2021-09-01 17:25:54,697 - movie_review_logger - INFO - 92 페이지 완료...
2021-09-01 17:25:55,441 - movie_review_logger - INFO - 93 페이지 완료...
2021-09-01 17:25:56,013 - movie_review_logger - INFO - 94 페이지 완료...
2021-09-01 17:25:56,488 - movie_review_logger - INFO - 95 페이지 완료...
2021-09-01 17:25:57,021 - movie_review_logger - INFO - 96 페이지 완료...
2021-09-01 17:25:57,687 - movie_review_logger - INFO - 97 페이지 완료...
2021-09-01 17:25:58,374 - movie_review_logger - INFO - 98 페이지 완료...
2021-09-01 17:25:58,909 - movie_review_logger - INFO - 99 페이지 완료...
2021-09-01 17:25:59,563 - movie_review_logger - INFO - 100 페이지 완료...
2021-09-01 17:26:00,177 - movie_review_logger - INFO - 101 페이지 완료...
2021-09-01 17:26:00,704 - movie_review_logger - INFO - 102 페이지 완료...
2021-09-01 17:26:01,335 - movie_review_logger - INFO - 103 페이지 완료...
2021-09-01 17:26:02,211 - movie_review_logger - INFO - 104 페이지 완료...
2021-09-01 17:26:02,847 - movie_review_logger - INFO - 105 페이지 완료...
2021-09-01 17:26:03,437 - movie_review_logger - INFO - 106 페이지 완료...
2021-09-01 17:26:03,910 - movie_review_logger - INFO - 107 페이지 완료...
2021-09-01 17:26:04,473 - movie_review_logger - INFO - 108 페이지 완료...
2021-09-01 17:26:05,065 - movie_review_logger - INFO - 109 페이지 완료...
2021-09-01 17:26:05,666 - movie_review_logger - INFO - 110 페이지 완료...
2021-09-01 17:26:06,252 - movie_review_logger - INFO - 111 페이지 완료...
2021-09-01 17:26:06,782 - movie_review_logger - INFO - 112 페이지 완료...
2021-09-01 17:26:07,493 - movie_review_logger - INFO - 113 페이지 완료...
2021-09-01 17:26:08,057 - movie_review_logger - INFO - 114 페이지 완료...
2021-09-01 17:26:08,679 - movie_review_logger - INFO - 115 페이지 완료...
2021-09-01 17:26:09,329 - movie_review_logger - INFO - 116 페이지 완료...
2021-09-01 17:26:09,874 - movie_review_logger - INFO - 117 페이지 완료...
2021-09-01 17:26:10,389 - movie_review_logger - INFO - 118 페이지 완료...
2021-09-01 17:26:11,146 - movie_review_logger - INFO - 119 페이지 완료...
2021-09-01 17:26:11,940 - movie_review_logger - INFO - 120 페이지 완료...
2021-09-01 17:26:12,621 - movie_review_logger - INFO - 121 페이지 완료...
2021-09-01 17:26:13,113 - movie_review_logger - INFO - 122 페이지 완료...
2021-09-01 17:26:13,684 - movie_review_logger - INFO - 123 페이지 완료...
2021-09-01 17:26:14,387 - movie_review_logger - INFO - 124 페이지 완료...
2021-09-01 17:26:15,076 - movie_review_logger - INFO - 125 페이지 완료...
2021-09-01 17:26:15,595 - movie_review_logger - INFO - 126 페이지 완료...
2021-09-01 17:26:16,417 - movie_review_logger - INFO - 127 페이지 완료...
2021-09-01 17:26:17,177 - movie_review_logger - INFO - 128 페이지 완료...
2021-09-01 17:26:17,934 - movie_review_logger - INFO - 129 페이지 완료...
2021-09-01 17:26:18,439 - movie_review_logger - INFO - 130 페이지 완료...
2021-09-01 17:26:19,179 - movie_review_logger - INFO - 131 페이지 완료...
2021-09-01 17:26:19,838 - movie_review_logger - INFO - 132 페이지 완료...
2021-09-01 17:26:20,362 - movie_review_logger - INFO - 133 페이지 완료...
2021-09-01 17:26:21,065 - movie_review_logger - INFO - 134 페이지 완료...
2021-09-01 17:26:21,721 - movie_review_logger - INFO - 135 페이지 완료...
2021-09-01 17:26:22,240 - movie_review_logger - INFO - 136 페이지 완료...
2021-09-01 17:26:22,966 - movie_review_logger - INFO - 137 페이지 완료...
2021-09-01 17:26:23,643 - movie_review_logger - INFO - 138 페이지 완료...
2021-09-01 17:26:24,154 - movie_review_logger - INFO - 139 페이지 완료...
2021-09-01 17:26:24,864 - movie_review_logger - INFO - 140 페이지 완료...
2021-09-01 17:26:25,623 - movie_review_logger - INFO - 141 페이지 완료...
2021-09-01 17:26:26,097 - movie_review_logger - INFO - 142 페이지 완료...
2021-09-01 17:26:26,835 - movie_review_logger - INFO - 143 페이지 완료...
2021-09-01 17:26:27,551 - movie_review_logger - INFO - 144 페이지 완료...
2021-09-01 17:26:28,095 - movie_review_logger - INFO - 145 페이지 완료...
2021-09-01 17:26:28,829 - movie_review_logger - INFO - 146 페이지 완료...
2021-09-01 17:26:29,629 - movie_review_logger - INFO - 147 페이지 완료...
2021-09-01 17:26:30,163 - movie_review_logger - INFO - 148 페이지 완료...
2021-09-01 17:26:30,840 - movie_review_logger - INFO - 149 페이지 완료...
2021-09-01 17:26:31,538 - movie_review_logger - INFO - 150 페이지 완료...
2021-09-01 17:26:32,058 - movie_review_logger - INFO - 151 페이지 완료...
2021-09-01 17:26:32,760 - movie_review_logger - INFO - 152 페이지 완료...
2021-09-01 17:26:33,479 - movie_review_logger - INFO - 153 페이지 완료...
2021-09-01 17:26:34,065 - movie_review_logger - INFO - 154 페이지 완료...
2021-09-01 17:26:34,833 - movie_review_logger - INFO - 155 페이지 완료...
2021-09-01 17:26:35,553 - movie_review_logger - INFO - 156 페이지 완료...
2021-09-01 17:26:36,023 - movie_review_logger - INFO - 157 페이지 완료...
2021-09-01 17:26:36,765 - movie_review_logger - INFO - 158 페이지 완료...
2021-09-01 17:26:37,502 - movie_review_logger - INFO - 159 페이지 완료...
2021-09-01 17:26:38,016 - movie_review_logger - INFO - 160 페이지 완료...
2021-09-01 17:26:38,717 - movie_review_logger - INFO - 161 페이지 완료...
2021-09-01 17:26:39,230 - movie_review_logger - INFO - 162 페이지 완료...
2021-09-01 17:26:39,921 - movie_review_logger - INFO - 163 페이지 완료...
2021-09-01 17:26:40,627 - movie_review_logger - INFO - 164 페이지 완료...
2021-09-01 17:26:41,169 - movie_review_logger - INFO - 165 페이지 완료...
2021-09-01 17:26:41,879 - movie_review_logger - INFO - 166 페이지 완료...
2021-09-01 17:26:42,396 - movie_review_logger - INFO - 167 페이지 완료...
2021-09-01 17:26:43,090 - movie_review_logger - INFO - 168 페이지 완료...
2021-09-01 17:26:43,848 - movie_review_logger - INFO - 169 페이지 완료...
2021-09-01 17:26:44,336 - movie_review_logger - INFO - 170 페이지 완료...
2021-09-01 17:26:45,112 - movie_review_logger - INFO - 171 페이지 완료...
2021-09-01 17:26:45,633 - movie_review_logger - INFO - 172 페이지 완료...
2021-09-01 17:26:46,391 - movie_review_logger - INFO - 173 페이지 완료...
2021-09-01 17:26:46,890 - movie_review_logger - INFO - 174 페이지 완료...
2021-09-01 17:26:47,718 - movie_review_logger - INFO - 175 페이지 완료...
2021-09-01 17:26:48,432 - movie_review_logger - INFO - 176 페이지 완료...
2021-09-01 17:26:48,942 - movie_review_logger - INFO - 177 페이지 완료...
2021-09-01 17:26:49,733 - movie_review_logger - INFO - 178 페이지 완료...
2021-09-01 17:26:50,214 - movie_review_logger - INFO - 179 페이지 완료...
2021-09-01 17:26:50,955 - movie_review_logger - INFO - 180 페이지 완료...
2021-09-01 17:26:51,461 - movie_review_logger - INFO - 181 페이지 완료...
2021-09-01 17:26:52,309 - movie_review_logger - INFO - 182 페이지 완료...
2021-09-01 17:26:52,812 - movie_review_logger - INFO - 183 페이지 완료...
2021-09-01 17:26:53,680 - movie_review_logger - INFO - 184 페이지 완료...
2021-09-01 17:26:54,215 - movie_review_logger - INFO - 185 페이지 완료...
2021-09-01 17:26:54,905 - movie_review_logger - INFO - 186 페이지 완료...
2021-09-01 17:26:55,386 - movie_review_logger - INFO - 187 페이지 완료...
2021-09-01 17:26:56,018 - movie_review_logger - INFO - 188 페이지 완료...
2021-09-01 17:26:56,707 - movie_review_logger - INFO - 189 페이지 완료...
2021-09-01 17:26:57,261 - movie_review_logger - INFO - 190 페이지 완료...
2021-09-01 17:26:57,784 - movie_review_logger - INFO - 191 페이지 완료...
2021-09-01 17:26:58,408 - movie_review_logger - INFO - 192 페이지 완료...
2021-09-01 17:26:59,016 - movie_review_logger - INFO - 193 페이지 완료...
2021-09-01 17:26:59,676 - movie_review_logger - INFO - 194 페이지 완료...
2021-09-01 17:27:00,247 - movie_review_logger - INFO - 195 페이지 완료...
2021-09-01 17:27:00,782 - movie_review_logger - INFO - 196 페이지 완료...
2021-09-01 17:27:01,404 - movie_review_logger - INFO - 197 페이지 완료...
2021-09-01 17:27:02,001 - movie_review_logger - INFO - 198 페이지 완료...
2021-09-01 17:27:02,676 - movie_review_logger - INFO - 199 페이지 완료...
2021-09-01 17:27:03,298 - movie_review_logger - INFO - 200 페이지 완료...
2021-09-01 17:27:03,915 - movie_review_logger - INFO - 201 페이지 완료...
2021-09-01 17:27:04,483 - movie_review_logger - INFO - 202 페이지 완료...
2021-09-01 17:27:05,114 - movie_review_logger - INFO - 203 페이지 완료...
2021-09-01 17:27:05,695 - movie_review_logger - INFO - 204 페이지 완료...
2021-09-01 17:27:06,387 - movie_review_logger - INFO - 205 페이지 완료...
2021-09-01 17:27:07,045 - movie_review_logger - INFO - 206 페이지 완료...
2021-09-01 17:27:07,645 - movie_review_logger - INFO - 207 페이지 완료...
2021-09-01 17:27:08,248 - movie_review_logger - INFO - 208 페이지 완료...
2021-09-01 17:27:08,864 - movie_review_logger - INFO - 209 페이지 완료...
2021-09-01 17:27:09,486 - movie_review_logger - INFO - 210 페이지 완료...
2021-09-01 17:27:10,213 - movie_review_logger - INFO - 211 페이지 완료...
2021-09-01 17:27:10,865 - movie_review_logger - INFO - 212 페이지 완료...
2021-09-01 17:27:11,464 - movie_review_logger - INFO - 213 페이지 완료...
2021-09-01 17:27:12,096 - movie_review_logger - INFO - 214 페이지 완료...
2021-09-01 17:27:12,745 - movie_review_logger - INFO - 215 페이지 완료...
2021-09-01 17:27:13,343 - movie_review_logger - INFO - 216 페이지 완료...
2021-09-01 17:27:13,966 - movie_review_logger - INFO - 217 페이지 완료...
2021-09-01 17:27:14,627 - movie_review_logger - INFO - 218 페이지 완료...
2021-09-01 17:27:15,294 - movie_review_logger - INFO - 219 페이지 완료...
2021-09-01 17:27:16,020 - movie_review_logger - INFO - 220 페이지 완료...
2021-09-01 17:27:16,710 - movie_review_logger - INFO - 221 페이지 완료...
2021-09-01 17:27:17,382 - movie_review_logger - INFO - 222 페이지 완료...
2021-09-01 17:27:18,037 - movie_review_logger - INFO - 223 페이지 완료...
2021-09-01 17:27:18,734 - movie_review_logger - INFO - 224 페이지 완료...
2021-09-01 17:27:19,383 - movie_review_logger - INFO - 225 페이지 완료...
2021-09-01 17:27:20,044 - movie_review_logger - INFO - 226 페이지 완료...
2021-09-01 17:27:20,958 - movie_review_logger - INFO - 227 페이지 완료...
2021-09-01 17:27:21,683 - movie_review_logger - INFO - 228 페이지 완료...
2021-09-01 17:27:22,368 - movie_review_logger - INFO - 229 페이지 완료...
2021-09-01 17:27:23,137 - movie_review_logger - INFO - 230 페이지 완료...
2021-09-01 17:27:23,866 - movie_review_logger - INFO - 231 페이지 완료...
2021-09-01 17:27:24,545 - movie_review_logger - INFO - 232 페이지 완료...
2021-09-01 17:27:25,237 - movie_review_logger - INFO - 233 페이지 완료...
2021-09-01 17:27:25,932 - movie_review_logger - INFO - 234 페이지 완료...
2021-09-01 17:27:26,765 - movie_review_logger - INFO - 235 페이지 완료...
2021-09-01 17:27:27,549 - movie_review_logger - INFO - 236 페이지 완료...
2021-09-01 17:27:28,300 - movie_review_logger - INFO - 237 페이지 완료...
2021-09-01 17:27:29,080 - movie_review_logger - INFO - 238 페이지 완료...
2021-09-01 17:27:29,836 - movie_review_logger - INFO - 239 페이지 완료...
2021-09-01 17:27:30,606 - movie_review_logger - INFO - 240 페이지 완료...
2021-09-01 17:27:31,387 - movie_review_logger - INFO - 241 페이지 완료...
2021-09-01 17:27:32,159 - movie_review_logger - INFO - 242 페이지 완료...
2021-09-01 17:27:32,952 - movie_review_logger - INFO - 243 페이지 완료...
2021-09-01 17:27:33,659 - movie_review_logger - INFO - 244 페이지 완료...
2021-09-01 17:27:34,275 - movie_review_logger - INFO - 245 페이지 완료...
2021-09-01 17:27:35,105 - movie_review_logger - INFO - 246 페이지 완료...
2021-09-01 17:27:35,912 - movie_review_logger - INFO - 247 페이지 완료...
2021-09-01 17:27:36,716 - movie_review_logger - INFO - 248 페이지 완료...
2021-09-01 17:27:37,476 - movie_review_logger - INFO - 249 페이지 완료...
2021-09-01 17:27:38,228 - movie_review_logger - INFO - 250 페이지 완료...
2021-09-01 17:27:39,098 - movie_review_logger - INFO - 251 페이지 완료...
2021-09-01 17:27:39,935 - movie_review_logger - INFO - 252 페이지 완료...
2021-09-01 17:27:40,717 - movie_review_logger - INFO - 253 페이지 완료...
2021-09-01 17:27:41,606 - movie_review_logger - INFO - 254 페이지 완료...
2021-09-01 17:27:42,448 - movie_review_logger - INFO - 255 페이지 완료...
2021-09-01 17:27:43,248 - movie_review_logger - INFO - 256 페이지 완료...
2021-09-01 17:27:44,028 - movie_review_logger - INFO - 257 페이지 완료...
2021-09-01 17:27:44,841 - movie_review_logger - INFO - 258 페이지 완료...
2021-09-01 17:27:45,806 - movie_review_logger - INFO - 259 페이지 완료...
2021-09-01 17:27:46,644 - movie_review_logger - INFO - 260 페이지 완료...
2021-09-01 17:27:47,448 - movie_review_logger - INFO - 261 페이지 완료...
2021-09-01 17:27:48,274 - movie_review_logger - INFO - 262 페이지 완료...
2021-09-01 17:27:49,104 - movie_review_logger - INFO - 263 페이지 완료...
2021-09-01 17:27:49,921 - movie_review_logger - INFO - 264 페이지 완료...
2021-09-01 17:27:50,746 - movie_review_logger - INFO - 265 페이지 완료...
2021-09-01 17:27:51,594 - movie_review_logger - INFO - 266 페이지 완료...
2021-09-01 17:27:52,422 - movie_review_logger - INFO - 267 페이지 완료...
2021-09-01 17:27:53,284 - movie_review_logger - INFO - 268 페이지 완료...
2021-09-01 17:27:54,112 - movie_review_logger - INFO - 269 페이지 완료...
2021-09-01 17:27:55,048 - movie_review_logger - INFO - 270 페이지 완료...
2021-09-01 17:27:55,995 - movie_review_logger - INFO - 271 페이지 완료...
2021-09-01 17:27:56,829 - movie_review_logger - INFO - 272 페이지 완료...
2021-09-01 17:27:57,678 - movie_review_logger - INFO - 273 페이지 완료...
2021-09-01 17:27:58,663 - movie_review_logger - INFO - 274 페이지 완료...
2021-09-01 17:27:59,650 - movie_review_logger - INFO - 275 페이지 완료...
2021-09-01 17:28:00,590 - movie_review_logger - INFO - 276 페이지 완료...
2021-09-01 17:28:01,466 - movie_review_logger - INFO - 277 페이지 완료...
2021-09-01 17:28:02,513 - movie_review_logger - INFO - 278 페이지 완료...
2021-09-01 17:28:03,466 - movie_review_logger - INFO - 279 페이지 완료...
2021-09-01 17:28:04,402 - movie_review_logger - INFO - 280 페이지 완료...
2021-09-01 17:28:05,316 - movie_review_logger - INFO - 281 페이지 완료...
2021-09-01 17:28:06,220 - movie_review_logger - INFO - 282 페이지 완료...
2021-09-01 17:28:07,133 - movie_review_logger - INFO - 283 페이지 완료...
2021-09-01 17:28:08,095 - movie_review_logger - INFO - 284 페이지 완료...
2021-09-01 17:28:09,032 - movie_review_logger - INFO - 285 페이지 완료...
2021-09-01 17:28:10,006 - movie_review_logger - INFO - 286 페이지 완료...
2021-09-01 17:28:10,968 - movie_review_logger - INFO - 287 페이지 완료...
2021-09-01 17:28:11,969 - movie_review_logger - INFO - 288 페이지 완료...
2021-09-01 17:28:12,919 - movie_review_logger - INFO - 289 페이지 완료...
2021-09-01 17:28:13,841 - movie_review_logger - INFO - 290 페이지 완료...
2021-09-01 17:28:14,766 - movie_review_logger - INFO - 291 페이지 완료...
2021-09-01 17:28:15,696 - movie_review_logger - INFO - 292 페이지 완료...
2021-09-01 17:28:16,650 - movie_review_logger - INFO - 293 페이지 완료...
2021-09-01 17:28:17,615 - movie_review_logger - INFO - 294 페이지 완료...
2021-09-01 17:28:18,691 - movie_review_logger - INFO - 295 페이지 완료...
2021-09-01 17:28:19,673 - movie_review_logger - INFO - 296 페이지 완료...
2021-09-01 17:28:20,628 - movie_review_logger - INFO - 297 페이지 완료...
2021-09-01 17:28:21,599 - movie_review_logger - INFO - 298 페이지 완료...
2021-09-01 17:28:22,607 - movie_review_logger - INFO - 299 페이지 완료...
2021-09-01 17:28:23,596 - movie_review_logger - INFO - 300 페이지 완료...
2021-09-01 17:28:24,598 - movie_review_logger - INFO - 301 페이지 완료...
2021-09-01 17:28:25,588 - movie_review_logger - INFO - 302 페이지 완료...
2021-09-01 17:28:26,563 - movie_review_logger - INFO - 303 페이지 완료...
2021-09-01 17:28:27,562 - movie_review_logger - INFO - 304 페이지 완료...
2021-09-01 17:28:28,593 - movie_review_logger - INFO - 305 페이지 완료...
2021-09-01 17:28:29,674 - movie_review_logger - INFO - 306 페이지 완료...
2021-09-01 17:28:30,749 - movie_review_logger - INFO - 307 페이지 완료...
2021-09-01 17:28:31,935 - movie_review_logger - INFO - 308 페이지 완료...
2021-09-01 17:28:32,996 - movie_review_logger - INFO - 309 페이지 완료...
2021-09-01 17:28:34,112 - movie_review_logger - INFO - 310 페이지 완료...
2021-09-01 17:28:35,185 - movie_review_logger - INFO - 311 페이지 완료...
2021-09-01 17:28:36,222 - movie_review_logger - INFO - 312 페이지 완료...
2021-09-01 17:28:37,250 - movie_review_logger - INFO - 313 페이지 완료...
2021-09-01 17:28:38,300 - movie_review_logger - INFO - 314 페이지 완료...
2021-09-01 17:28:39,347 - movie_review_logger - INFO - 315 페이지 완료...
2021-09-01 17:28:40,407 - movie_review_logger - INFO - 316 페이지 완료...
2021-09-01 17:28:41,584 - movie_review_logger - INFO - 317 페이지 완료...
2021-09-01 17:28:42,665 - movie_review_logger - INFO - 318 페이지 완료...
2021-09-01 17:28:43,862 - movie_review_logger - INFO - 319 페이지 완료...
2021-09-01 17:28:45,048 - movie_review_logger - INFO - 320 페이지 완료...
2021-09-01 17:28:46,197 - movie_review_logger - INFO - 321 페이지 완료...
2021-09-01 17:28:47,324 - movie_review_logger - INFO - 322 페이지 완료...
2021-09-01 17:28:48,380 - movie_review_logger - INFO - 323 페이지 완료...
2021-09-01 17:28:49,582 - movie_review_logger - INFO - 324 페이지 완료...
2021-09-01 17:28:50,698 - movie_review_logger - INFO - 325 페이지 완료...
2021-09-01 17:28:51,762 - movie_review_logger - INFO - 326 페이지 완료...
2021-09-01 17:28:52,882 - movie_review_logger - INFO - 327 페이지 완료...
2021-09-01 17:28:53,916 - movie_review_logger - INFO - 328 페이지 완료...
2021-09-01 17:28:54,967 - movie_review_logger - INFO - 329 페이지 완료...
2021-09-01 17:28:56,063 - movie_review_logger - INFO - 330 페이지 완료...
2021-09-01 17:28:57,186 - movie_review_logger - INFO - 331 페이지 완료...
2021-09-01 17:28:58,320 - movie_review_logger - INFO - 332 페이지 완료...
2021-09-01 17:28:59,548 - movie_review_logger - INFO - 333 페이지 완료...
2021-09-01 17:29:00,735 - movie_review_logger - INFO - 334 페이지 완료...
2021-09-01 17:29:01,815 - movie_review_logger - INFO - 335 페이지 완료...
2021-09-01 17:29:02,934 - movie_review_logger - INFO - 336 페이지 완료...
2021-09-01 17:29:04,017 - movie_review_logger - INFO - 337 페이지 완료...
2021-09-01 17:29:05,144 - movie_review_logger - INFO - 338 페이지 완료...
2021-09-01 17:29:08,288 - movie_review_logger - INFO - 339 페이지 완료...
2021-09-01 17:29:09,870 - movie_review_logger - INFO - 340 페이지 완료...
2021-09-01 17:29:11,325 - movie_review_logger - INFO - 341 페이지 완료...
2021-09-01 17:29:12,663 - movie_review_logger - INFO - 342 페이지 완료...
2021-09-01 17:29:14,217 - movie_review_logger - INFO - 343 페이지 완료...
2021-09-01 17:29:15,815 - movie_review_logger - INFO - 344 페이지 완료...
2021-09-01 17:29:17,421 - movie_review_logger - INFO - 345 페이지 완료...
2021-09-01 17:29:18,837 - movie_review_logger - INFO - 346 페이지 완료...
2021-09-01 17:29:20,365 - movie_review_logger - INFO - 347 페이지 완료...
2021-09-01 17:29:22,019 - movie_review_logger - INFO - 348 페이지 완료...
2021-09-01 17:29:23,721 - movie_review_logger - INFO - 349 페이지 완료...
2021-09-01 17:29:25,571 - movie_review_logger - INFO - 350 페이지 완료...
2021-09-01 17:29:26,731 - movie_review_logger - INFO - 351 페이지 완료...
2021-09-01 17:29:27,895 - movie_review_logger - INFO - 352 페이지 완료...
2021-09-01 17:29:28,916 - movie_review_logger - INFO - 353 페이지 완료...
2021-09-01 17:29:29,931 - movie_review_logger - INFO - 354 페이지 완료...
2021-09-01 17:29:30,998 - movie_review_logger - INFO - 355 페이지 완료...
2021-09-01 17:29:32,093 - movie_review_logger - INFO - 356 페이지 완료...
2021-09-01 17:29:33,216 - movie_review_logger - INFO - 357 페이지 완료...
2021-09-01 17:29:34,218 - movie_review_logger - INFO - 358 페이지 완료...
2021-09-01 17:29:35,318 - movie_review_logger - INFO - 359 페이지 완료...
2021-09-01 17:29:36,364 - movie_review_logger - INFO - 360 페이지 완료...
2021-09-01 17:29:37,480 - movie_review_logger - INFO - 361 페이지 완료...
2021-09-01 17:29:38,700 - movie_review_logger - INFO - 362 페이지 완료...
2021-09-01 17:29:39,825 - movie_review_logger - INFO - 363 페이지 완료...
2021-09-01 17:29:40,945 - movie_review_logger - INFO - 364 페이지 완료...
2021-09-01 17:29:42,051 - movie_review_logger - INFO - 365 페이지 완료...
2021-09-01 17:29:43,126 - movie_review_logger - INFO - 366 페이지 완료...
2021-09-01 17:29:44,270 - movie_review_logger - INFO - 367 페이지 완료...
2021-09-01 17:29:45,352 - movie_review_logger - INFO - 368 페이지 완료...
2021-09-01 17:29:46,429 - movie_review_logger - INFO - 369 페이지 완료...
2021-09-01 17:29:47,705 - movie_review_logger - INFO - 370 페이지 완료...
2021-09-01 17:29:48,881 - movie_review_logger - INFO - 371 페이지 완료...
2021-09-01 17:29:49,982 - movie_review_logger - INFO - 372 페이지 완료...
2021-09-01 17:29:51,062 - movie_review_logger - INFO - 373 페이지 완료...
2021-09-01 17:29:52,319 - movie_review_logger - INFO - 374 페이지 완료...
2021-09-01 17:29:53,530 - movie_review_logger - INFO - 375 페이지 완료...
2021-09-01 17:29:54,664 - movie_review_logger - INFO - 376 페이지 완료...
2021-09-01 17:29:55,919 - movie_review_logger - INFO - 377 페이지 완료...
2021-09-01 17:29:57,076 - movie_review_logger - INFO - 378 페이지 완료...
2021-09-01 17:29:58,266 - movie_review_logger - INFO - 379 페이지 완료...
2021-09-01 17:29:59,384 - movie_review_logger - INFO - 380 페이지 완료...
2021-09-01 17:30:00,581 - movie_review_logger - INFO - 381 페이지 완료...
2021-09-01 17:30:01,854 - movie_review_logger - INFO - 382 페이지 완료...
2021-09-01 17:30:02,995 - movie_review_logger - INFO - 383 페이지 완료...
2021-09-01 17:30:04,231 - movie_review_logger - INFO - 384 페이지 완료...
2021-09-01 17:30:05,366 - movie_review_logger - INFO - 385 페이지 완료...
2021-09-01 17:30:06,537 - movie_review_logger - INFO - 386 페이지 완료...
2021-09-01 17:30:07,646 - movie_review_logger - INFO - 387 페이지 완료...
2021-09-01 17:30:08,871 - movie_review_logger - INFO - 388 페이지 완료...
2021-09-01 17:30:09,989 - movie_review_logger - INFO - 389 페이지 완료...
2021-09-01 17:30:11,132 - movie_review_logger - INFO - 390 페이지 완료...
2021-09-01 17:30:12,386 - movie_review_logger - INFO - 391 페이지 완료...
2021-09-01 17:30:13,586 - movie_review_logger - INFO - 392 페이지 완료...
2021-09-01 17:30:14,852 - movie_review_logger - INFO - 393 페이지 완료...
2021-09-01 17:30:16,020 - movie_review_logger - INFO - 394 페이지 완료...
2021-09-01 17:30:17,269 - movie_review_logger - INFO - 395 페이지 완료...
2021-09-01 17:30:18,610 - movie_review_logger - INFO - 396 페이지 완료...
2021-09-01 17:30:19,904 - movie_review_logger - INFO - 397 페이지 완료...
2021-09-01 17:30:21,216 - movie_review_logger - INFO - 398 페이지 완료...
2021-09-01 17:30:22,514 - movie_review_logger - INFO - 399 페이지 완료...
2021-09-01 17:30:23,806 - movie_review_logger - INFO - 400 페이지 완료...
2021-09-01 17:30:25,123 - movie_review_logger - INFO - 401 페이지 완료...
2021-09-01 17:30:26,415 - movie_review_logger - INFO - 402 페이지 완료...
2021-09-01 17:30:27,767 - movie_review_logger - INFO - 403 페이지 완료...
2021-09-01 17:30:29,099 - movie_review_logger - INFO - 404 페이지 완료...
2021-09-01 17:30:30,335 - movie_review_logger - INFO - 405 페이지 완료...
2021-09-01 17:30:31,583 - movie_review_logger - INFO - 406 페이지 완료...
2021-09-01 17:30:33,030 - movie_review_logger - INFO - 407 페이지 완료...
2021-09-01 17:30:34,474 - movie_review_logger - INFO - 408 페이지 완료...
2021-09-01 17:30:35,783 - movie_review_logger - INFO - 409 페이지 완료...
2021-09-01 17:30:37,054 - movie_review_logger - INFO - 410 페이지 완료...
2021-09-01 17:30:38,497 - movie_review_logger - INFO - 411 페이지 완료...
2021-09-01 17:30:39,834 - movie_review_logger - INFO - 412 페이지 완료...
2021-09-01 17:30:41,164 - movie_review_logger - INFO - 413 페이지 완료...
2021-09-01 17:30:42,522 - movie_review_logger - INFO - 414 페이지 완료...
2021-09-01 17:30:43,765 - movie_review_logger - INFO - 415 페이지 완료...
2021-09-01 17:30:45,005 - movie_review_logger - INFO - 416 페이지 완료...
2021-09-01 17:30:46,255 - movie_review_logger - INFO - 417 페이지 완료...
2021-09-01 17:30:47,560 - movie_review_logger - INFO - 418 페이지 완료...
2021-09-01 17:30:48,851 - movie_review_logger - INFO - 419 페이지 완료...
2021-09-01 17:30:50,118 - movie_review_logger - INFO - 420 페이지 완료...
2021-09-01 17:30:51,467 - movie_review_logger - INFO - 421 페이지 완료...
2021-09-01 17:30:52,832 - movie_review_logger - INFO - 422 페이지 완료...
2021-09-01 17:30:54,134 - movie_review_logger - INFO - 423 페이지 완료...
2021-09-01 17:30:55,446 - movie_review_logger - INFO - 424 페이지 완료...
2021-09-01 17:30:56,851 - movie_review_logger - INFO - 425 페이지 완료...
2021-09-01 17:30:58,114 - movie_review_logger - INFO - 426 페이지 완료...
2021-09-01 17:30:59,475 - movie_review_logger - INFO - 427 페이지 완료...
2021-09-01 17:31:00,813 - movie_review_logger - INFO - 428 페이지 완료...
2021-09-01 17:31:02,239 - movie_review_logger - INFO - 429 페이지 완료...
2021-09-01 17:31:03,711 - movie_review_logger - INFO - 430 페이지 완료...
2021-09-01 17:31:05,060 - movie_review_logger - INFO - 431 페이지 완료...
2021-09-01 17:31:06,405 - movie_review_logger - INFO - 432 페이지 완료...
2021-09-01 17:31:07,750 - movie_review_logger - INFO - 433 페이지 완료...
2021-09-01 17:31:11,359 - movie_review_logger - INFO - 434 페이지 완료...
2021-09-01 17:31:12,549 - movie_review_logger - INFO - 435 페이지 완료...
2021-09-01 17:31:13,601 - movie_review_logger - INFO - 436 페이지 완료...
2021-09-01 17:31:14,671 - movie_review_logger - INFO - 437 페이지 완료...
2021-09-01 17:31:15,801 - movie_review_logger - INFO - 438 페이지 완료...
2021-09-01 17:31:16,905 - movie_review_logger - INFO - 439 페이지 완료...
2021-09-01 17:31:17,971 - movie_review_logger - INFO - 440 페이지 완료...
2021-09-01 17:31:19,066 - movie_review_logger - INFO - 441 페이지 완료...
2021-09-01 17:31:20,295 - movie_review_logger - INFO - 442 페이지 완료...
2021-09-01 17:31:21,468 - movie_review_logger - INFO - 443 페이지 완료...
2021-09-01 17:31:22,777 - movie_review_logger - INFO - 444 페이지 완료...
2021-09-01 17:31:23,915 - movie_review_logger - INFO - 445 페이지 완료...
2021-09-01 17:31:25,190 - movie_review_logger - INFO - 446 페이지 완료...
2021-09-01 17:31:26,382 - movie_review_logger - INFO - 447 페이지 완료...
2021-09-01 17:31:27,500 - movie_review_logger - INFO - 448 페이지 완료...
2021-09-01 17:31:28,665 - movie_review_logger - INFO - 449 페이지 완료...
2021-09-01 17:31:29,708 - movie_review_logger - INFO - 450 페이지 완료...
2021-09-01 17:31:31,083 - movie_review_logger - INFO - 451 페이지 완료...
2021-09-01 17:31:32,016 - movie_review_logger - INFO - 452 페이지 완료...
2021-09-01 17:31:32,963 - movie_review_logger - INFO - 453 페이지 완료...
2021-09-01 17:31:33,932 - movie_review_logger - INFO - 454 페이지 완료...
2021-09-01 17:31:34,854 - movie_review_logger - INFO - 455 페이지 완료...
2021-09-01 17:31:35,786 - movie_review_logger - INFO - 456 페이지 완료...
2021-09-01 17:31:36,720 - movie_review_logger - INFO - 457 페이지 완료...
2021-09-01 17:31:37,680 - movie_review_logger - INFO - 458 페이지 완료...
2021-09-01 17:31:38,727 - movie_review_logger - INFO - 459 페이지 완료...
2021-09-01 17:31:39,687 - movie_review_logger - INFO - 460 페이지 완료...
2021-09-01 17:31:40,659 - movie_review_logger - INFO - 461 페이지 완료...
2021-09-01 17:31:41,619 - movie_review_logger - INFO - 462 페이지 완료...
2021-09-01 17:31:42,651 - movie_review_logger - INFO - 463 페이지 완료...
2021-09-01 17:31:43,651 - movie_review_logger - INFO - 464 페이지 완료...
2021-09-01 17:31:44,668 - movie_review_logger - INFO - 465 페이지 완료...
2021-09-01 17:31:45,652 - movie_review_logger - INFO - 466 페이지 완료...
2021-09-01 17:31:46,636 - movie_review_logger - INFO - 467 페이지 완료...
2021-09-01 17:31:47,635 - movie_review_logger - INFO - 468 페이지 완료...
2021-09-01 17:31:48,699 - movie_review_logger - INFO - 469 페이지 완료...
2021-09-01 17:31:49,702 - movie_review_logger - INFO - 470 페이지 완료...
2021-09-01 17:31:50,817 - movie_review_logger - INFO - 471 페이지 완료...
2021-09-01 17:31:51,971 - movie_review_logger - INFO - 472 페이지 완료...
2021-09-01 17:31:53,064 - movie_review_logger - INFO - 473 페이지 완료...
2021-09-01 17:31:54,256 - movie_review_logger - INFO - 474 페이지 완료...
2021-09-01 17:31:55,299 - movie_review_logger - INFO - 475 페이지 완료...
2021-09-01 17:31:56,400 - movie_review_logger - INFO - 476 페이지 완료...
2021-09-01 17:31:57,449 - movie_review_logger - INFO - 477 페이지 완료...
2021-09-01 17:31:58,456 - movie_review_logger - INFO - 478 페이지 완료...
2021-09-01 17:31:59,482 - movie_review_logger - INFO - 479 페이지 완료...
2021-09-01 17:32:00,532 - movie_review_logger - INFO - 480 페이지 완료...
2021-09-01 17:32:01,577 - movie_review_logger - INFO - 481 페이지 완료...
2021-09-01 17:32:02,623 - movie_review_logger - INFO - 482 페이지 완료...
2021-09-01 17:32:03,701 - movie_review_logger - INFO - 483 페이지 완료...
2021-09-01 17:32:04,749 - movie_review_logger - INFO - 484 페이지 완료...
2021-09-01 17:32:05,805 - movie_review_logger - INFO - 485 페이지 완료...
2021-09-01 17:32:06,985 - movie_review_logger - INFO - 486 페이지 완료...
2021-09-01 17:32:08,085 - movie_review_logger - INFO - 487 페이지 완료...
2021-09-01 17:32:09,164 - movie_review_logger - INFO - 488 페이지 완료...
2021-09-01 17:32:10,221 - movie_review_logger - INFO - 489 페이지 완료...
2021-09-01 17:32:11,404 - movie_review_logger - INFO - 490 페이지 완료...
2021-09-01 17:32:12,618 - movie_review_logger - INFO - 491 페이지 완료...
2021-09-01 17:32:13,741 - movie_review_logger - INFO - 492 페이지 완료...
2021-09-01 17:32:14,866 - movie_review_logger - INFO - 493 페이지 완료...
2021-09-01 17:32:15,951 - movie_review_logger - INFO - 494 페이지 완료...
2021-09-01 17:32:17,035 - movie_review_logger - INFO - 495 페이지 완료...
2021-09-01 17:32:18,117 - movie_review_logger - INFO - 496 페이지 완료...
2021-09-01 17:32:19,216 - movie_review_logger - INFO - 497 페이지 완료...
2021-09-01 17:32:20,360 - movie_review_logger - INFO - 498 페이지 완료...
2021-09-01 17:32:21,447 - movie_review_logger - INFO - 499 페이지 완료...
2021-09-01 17:32:22,587 - movie_review_logger - INFO - 500 페이지 완료...
2021-09-01 17:32:23,687 - movie_review_logger - INFO - 501 페이지 완료...
2021-09-01 17:32:24,865 - movie_review_logger - INFO - 502 페이지 완료...
2021-09-01 17:32:25,969 - movie_review_logger - INFO - 503 페이지 완료...
2021-09-01 17:32:27,077 - movie_review_logger - INFO - 504 페이지 완료...
2021-09-01 17:32:28,282 - movie_review_logger - INFO - 505 페이지 완료...
2021-09-01 17:32:29,436 - movie_review_logger - INFO - 506 페이지 완료...
2021-09-01 17:32:30,551 - movie_review_logger - INFO - 507 페이지 완료...
2021-09-01 17:32:31,682 - movie_review_logger - INFO - 508 페이지 완료...
2021-09-01 17:32:32,819 - movie_review_logger - INFO - 509 페이지 완료...
2021-09-01 17:32:33,991 - movie_review_logger - INFO - 510 페이지 완료...
2021-09-01 17:32:35,119 - movie_review_logger - INFO - 511 페이지 완료...
2021-09-01 17:32:36,261 - movie_review_logger - INFO - 512 페이지 완료...
2021-09-01 17:32:37,403 - movie_review_logger - INFO - 513 페이지 완료...
2021-09-01 17:32:38,594 - movie_review_logger - INFO - 514 페이지 완료...
2021-09-01 17:32:39,895 - movie_review_logger - INFO - 515 페이지 완료...
2021-09-01 17:32:41,082 - movie_review_logger - INFO - 516 페이지 완료...
2021-09-01 17:32:42,280 - movie_review_logger - INFO - 517 페이지 완료...
2021-09-01 17:32:43,450 - movie_review_logger - INFO - 518 페이지 완료...
2021-09-01 17:32:44,645 - movie_review_logger - INFO - 519 페이지 완료...
2021-09-01 17:32:45,853 - movie_review_logger - INFO - 520 페이지 완료...
2021-09-01 17:32:47,041 - movie_review_logger - INFO - 521 페이지 완료...
2021-09-01 17:32:48,228 - movie_review_logger - INFO - 522 페이지 완료...
2021-09-01 17:32:49,420 - movie_review_logger - INFO - 523 페이지 완료...
2021-09-01 17:32:50,631 - movie_review_logger - INFO - 524 페이지 완료...
2021-09-01 17:32:51,837 - movie_review_logger - INFO - 525 페이지 완료...
2021-09-01 17:32:53,044 - movie_review_logger - INFO - 526 페이지 완료...
2021-09-01 17:32:54,268 - movie_review_logger - INFO - 527 페이지 완료...
2021-09-01 17:32:55,510 - movie_review_logger - INFO - 528 페이지 완료...
2021-09-01 17:32:56,751 - movie_review_logger - INFO - 529 페이지 완료...
2021-09-01 17:32:57,994 - movie_review_logger - INFO - 530 페이지 완료...
2021-09-01 17:32:59,327 - movie_review_logger - INFO - 531 페이지 완료...
2021-09-01 17:33:00,701 - movie_review_logger - INFO - 532 페이지 완료...
2021-09-01 17:33:01,953 - movie_review_logger - INFO - 533 페이지 완료...
2021-09-01 17:33:03,226 - movie_review_logger - INFO - 534 페이지 완료...
2021-09-01 17:33:04,454 - movie_review_logger - INFO - 535 페이지 완료...
2021-09-01 17:33:05,682 - movie_review_logger - INFO - 536 페이지 완료...
2021-09-01 17:33:07,036 - movie_review_logger - INFO - 537 페이지 완료...
2021-09-01 17:33:08,400 - movie_review_logger - INFO - 538 페이지 완료...
2021-09-01 17:33:09,738 - movie_review_logger - INFO - 539 페이지 완료...
2021-09-01 17:33:11,027 - movie_review_logger - INFO - 540 페이지 완료...
2021-09-01 17:33:12,316 - movie_review_logger - INFO - 541 페이지 완료...
2021-09-01 17:33:17,014 - movie_review_logger - INFO - 542 페이지 완료...
2021-09-01 17:33:18,279 - movie_review_logger - INFO - 543 페이지 완료...
2021-09-01 17:33:19,402 - movie_review_logger - INFO - 544 페이지 완료...
2021-09-01 17:33:20,499 - movie_review_logger - INFO - 545 페이지 완료...
2021-09-01 17:33:21,517 - movie_review_logger - INFO - 546 페이지 완료...
2021-09-01 17:33:22,537 - movie_review_logger - INFO - 547 페이지 완료...
2021-09-01 17:33:23,532 - movie_review_logger - INFO - 548 페이지 완료...
2021-09-01 17:33:24,518 - movie_review_logger - INFO - 549 페이지 완료...
2021-09-01 17:33:25,557 - movie_review_logger - INFO - 550 페이지 완료...
2021-09-01 17:33:26,558 - movie_review_logger - INFO - 551 페이지 완료...
2021-09-01 17:33:27,573 - movie_review_logger - INFO - 552 페이지 완료...
2021-09-01 17:33:28,567 - movie_review_logger - INFO - 553 페이지 완료...
2021-09-01 17:33:29,640 - movie_review_logger - INFO - 554 페이지 완료...
2021-09-01 17:33:30,637 - movie_review_logger - INFO - 555 페이지 완료...
2021-09-01 17:33:31,638 - movie_review_logger - INFO - 556 페이지 완료...
2021-09-01 17:33:32,652 - movie_review_logger - INFO - 557 페이지 완료...
2021-09-01 17:33:34,078 - movie_review_logger - INFO - 558 페이지 완료...
2021-09-01 17:33:35,054 - movie_review_logger - INFO - 559 페이지 완료...
2021-09-01 17:33:36,103 - movie_review_logger - INFO - 560 페이지 완료...
2021-09-01 17:33:37,084 - movie_review_logger - INFO - 561 페이지 완료...
2021-09-01 17:33:38,055 - movie_review_logger - INFO - 562 페이지 완료...
2021-09-01 17:33:39,037 - movie_review_logger - INFO - 563 페이지 완료...
2021-09-01 17:33:40,011 - movie_review_logger - INFO - 564 페이지 완료...
2021-09-01 17:33:40,984 - movie_review_logger - INFO - 565 페이지 완료...
2021-09-01 17:33:41,970 - movie_review_logger - INFO - 566 페이지 완료...
2021-09-01 17:33:42,998 - movie_review_logger - INFO - 567 페이지 완료...
2021-09-01 17:33:44,087 - movie_review_logger - INFO - 568 페이지 완료...
2021-09-01 17:33:45,177 - movie_review_logger - INFO - 569 페이지 완료...
2021-09-01 17:33:46,219 - movie_review_logger - INFO - 570 페이지 완료...
2021-09-01 17:33:47,219 - movie_review_logger - INFO - 571 페이지 완료...
2021-09-01 17:33:48,305 - movie_review_logger - INFO - 572 페이지 완료...
2021-09-01 17:33:49,382 - movie_review_logger - INFO - 573 페이지 완료...
2021-09-01 17:33:50,400 - movie_review_logger - INFO - 574 페이지 완료...
2021-09-01 17:33:51,499 - movie_review_logger - INFO - 575 페이지 완료...
2021-09-01 17:33:52,627 - movie_review_logger - INFO - 576 페이지 완료...
2021-09-01 17:33:53,666 - movie_review_logger - INFO - 577 페이지 완료...
2021-09-01 17:33:54,721 - movie_review_logger - INFO - 578 페이지 완료...
2021-09-01 17:33:55,731 - movie_review_logger - INFO - 579 페이지 완료...
2021-09-01 17:33:56,753 - movie_review_logger - INFO - 580 페이지 완료...
2021-09-01 17:33:57,815 - movie_review_logger - INFO - 581 페이지 완료...
2021-09-01 17:33:58,839 - movie_review_logger - INFO - 582 페이지 완료...
2021-09-01 17:33:59,963 - movie_review_logger - INFO - 583 페이지 완료...
2021-09-01 17:34:01,081 - movie_review_logger - INFO - 584 페이지 완료...
2021-09-01 17:34:02,131 - movie_review_logger - INFO - 585 페이지 완료...
2021-09-01 17:34:03,186 - movie_review_logger - INFO - 586 페이지 완료...
2021-09-01 17:34:04,266 - movie_review_logger - INFO - 587 페이지 완료...
2021-09-01 17:34:05,353 - movie_review_logger - INFO - 588 페이지 완료...
2021-09-01 17:34:06,401 - movie_review_logger - INFO - 589 페이지 완료...
2021-09-01 17:34:07,469 - movie_review_logger - INFO - 590 페이지 완료...
2021-09-01 17:34:08,699 - movie_review_logger - INFO - 591 페이지 완료...
2021-09-01 17:34:09,855 - movie_review_logger - INFO - 592 페이지 완료...
2021-09-01 17:34:10,571 - movie_review_logger - INFO - 593 페이지 완료...
2021-09-01 17:34:11,286 - movie_review_logger - INFO - 594 페이지 완료...
2021-09-01 17:34:12,018 - movie_review_logger - INFO - 595 페이지 완료...
2021-09-01 17:34:12,822 - movie_review_logger - INFO - 596 페이지 완료...
2021-09-01 17:34:13,633 - movie_review_logger - INFO - 597 페이지 완료...
2021-09-01 17:34:14,368 - movie_review_logger - INFO - 598 페이지 완료...
2021-09-01 17:34:15,101 - movie_review_logger - INFO - 599 페이지 완료...
2021-09-01 17:34:15,850 - movie_review_logger - INFO - 600 페이지 완료...
2021-09-01 17:34:16,687 - movie_review_logger - INFO - 601 페이지 완료...
2021-09-01 17:34:17,485 - movie_review_logger - INFO - 602 페이지 완료...
2021-09-01 17:34:18,269 - movie_review_logger - INFO - 603 페이지 완료...
2021-09-01 17:34:19,038 - movie_review_logger - INFO - 604 페이지 완료...
2021-09-01 17:34:19,807 - movie_review_logger - INFO - 605 페이지 완료...
2021-09-01 17:34:20,717 - movie_review_logger - INFO - 606 페이지 완료...
2021-09-01 17:34:21,549 - movie_review_logger - INFO - 607 페이지 완료...
2021-09-01 17:34:22,348 - movie_review_logger - INFO - 608 페이지 완료...
2021-09-01 17:34:23,130 - movie_review_logger - INFO - 609 페이지 완료...
2021-09-01 17:34:23,916 - movie_review_logger - INFO - 610 페이지 완료...
2021-09-01 17:34:24,701 - movie_review_logger - INFO - 611 페이지 완료...
2021-09-01 17:34:25,538 - movie_review_logger - INFO - 612 페이지 완료...
2021-09-01 17:34:26,341 - movie_review_logger - INFO - 613 페이지 완료...
2021-09-01 17:34:27,149 - movie_review_logger - INFO - 614 페이지 완료...
2021-09-01 17:34:27,940 - movie_review_logger - INFO - 615 페이지 완료...
2021-09-01 17:34:28,759 - movie_review_logger - INFO - 616 페이지 완료...
2021-09-01 17:34:29,564 - movie_review_logger - INFO - 617 페이지 완료...
2021-09-01 17:34:30,387 - movie_review_logger - INFO - 618 페이지 완료...
2021-09-01 17:34:31,207 - movie_review_logger - INFO - 619 페이지 완료...
2021-09-01 17:34:32,017 - movie_review_logger - INFO - 620 페이지 완료...
2021-09-01 17:34:32,853 - movie_review_logger - INFO - 621 페이지 완료...
2021-09-01 17:34:33,683 - movie_review_logger - INFO - 622 페이지 완료...
2021-09-01 17:34:34,570 - movie_review_logger - INFO - 623 페이지 완료...
2021-09-01 17:34:35,398 - movie_review_logger - INFO - 624 페이지 완료...
2021-09-01 17:34:36,252 - movie_review_logger - INFO - 625 페이지 완료...
2021-09-01 17:34:37,101 - movie_review_logger - INFO - 626 페이지 완료...
2021-09-01 17:34:37,996 - movie_review_logger - INFO - 627 페이지 완료...
2021-09-01 17:34:38,959 - movie_review_logger - INFO - 628 페이지 완료...
2021-09-01 17:34:40,403 - movie_review_logger - INFO - 629 페이지 완료...
2021-09-01 17:34:41,234 - movie_review_logger - INFO - 630 페이지 완료...
2021-09-01 17:34:42,070 - movie_review_logger - INFO - 631 페이지 완료...
2021-09-01 17:34:42,904 - movie_review_logger - INFO - 632 페이지 완료...
2021-09-01 17:34:43,837 - movie_review_logger - INFO - 633 페이지 완료...
2021-09-01 17:34:44,688 - movie_review_logger - INFO - 634 페이지 완료...
2021-09-01 17:34:45,541 - movie_review_logger - INFO - 635 페이지 완료...
2021-09-01 17:34:46,557 - movie_review_logger - INFO - 636 페이지 완료...
2021-09-01 17:34:47,484 - movie_review_logger - INFO - 637 페이지 완료...
2021-09-01 17:34:48,367 - movie_review_logger - INFO - 638 페이지 완료...
2021-09-01 17:34:49,234 - movie_review_logger - INFO - 639 페이지 완료...
2021-09-01 17:34:50,140 - movie_review_logger - INFO - 640 페이지 완료...
2021-09-01 17:34:51,018 - movie_review_logger - INFO - 641 페이지 완료...
2021-09-01 17:34:52,047 - movie_review_logger - INFO - 642 페이지 완료...
2021-09-01 17:34:52,983 - movie_review_logger - INFO - 643 페이지 완료...
2021-09-01 17:34:53,870 - movie_review_logger - INFO - 644 페이지 완료...
2021-09-01 17:34:54,778 - movie_review_logger - INFO - 645 페이지 완료...
2021-09-01 17:34:55,771 - movie_review_logger - INFO - 646 페이지 완료...
2021-09-01 17:34:56,721 - movie_review_logger - INFO - 647 페이지 완료...
2021-09-01 17:34:57,685 - movie_review_logger - INFO - 648 페이지 완료...
2021-09-01 17:34:58,720 - movie_review_logger - INFO - 649 페이지 완료...
2021-09-01 17:34:59,680 - movie_review_logger - INFO - 650 페이지 완료...
2021-09-01 17:35:00,663 - movie_review_logger - INFO - 651 페이지 완료...
2021-09-01 17:35:01,586 - movie_review_logger - INFO - 652 페이지 완료...
2021-09-01 17:35:02,497 - movie_review_logger - INFO - 653 페이지 완료...
2021-09-01 17:35:03,394 - movie_review_logger - INFO - 654 페이지 완료...
2021-09-01 17:35:04,383 - movie_review_logger - INFO - 655 페이지 완료...
2021-09-01 17:35:05,622 - movie_review_logger - INFO - 656 페이지 완료...
2021-09-01 17:35:06,404 - movie_review_logger - INFO - 657 페이지 완료...
2021-09-01 17:35:07,224 - movie_review_logger - INFO - 658 페이지 완료...
2021-09-01 17:35:08,016 - movie_review_logger - INFO - 659 페이지 완료...
2021-09-01 17:35:08,835 - movie_review_logger - INFO - 660 페이지 완료...
2021-09-01 17:35:09,632 - movie_review_logger - INFO - 661 페이지 완료...
2021-09-01 17:35:10,439 - movie_review_logger - INFO - 662 페이지 완료...
2021-09-01 17:35:11,238 - movie_review_logger - INFO - 663 페이지 완료...
2021-09-01 17:35:12,150 - movie_review_logger - INFO - 664 페이지 완료...
2021-09-01 17:35:13,044 - movie_review_logger - INFO - 665 페이지 완료...
2021-09-01 17:35:13,901 - movie_review_logger - INFO - 666 페이지 완료...
2021-09-01 17:35:14,722 - movie_review_logger - INFO - 667 페이지 완료...
2021-09-01 17:35:15,622 - movie_review_logger - INFO - 668 페이지 완료...
2021-09-01 17:35:16,450 - movie_review_logger - INFO - 669 페이지 완료...
2021-09-01 17:35:17,296 - movie_review_logger - INFO - 670 페이지 완료...
2021-09-01 17:35:18,231 - movie_review_logger - INFO - 671 페이지 완료...
2021-09-01 17:35:19,108 - movie_review_logger - INFO - 672 페이지 완료...
2021-09-01 17:35:19,952 - movie_review_logger - INFO - 673 페이지 완료...
2021-09-01 17:35:20,851 - movie_review_logger - INFO - 674 페이지 완료...
2021-09-01 17:35:21,736 - movie_review_logger - INFO - 675 페이지 완료...
2021-09-01 17:35:22,606 - movie_review_logger - INFO - 676 페이지 완료...
2021-09-01 17:35:23,472 - movie_review_logger - INFO - 677 페이지 완료...
2021-09-01 17:35:24,341 - movie_review_logger - INFO - 678 페이지 완료...
2021-09-01 17:35:25,205 - movie_review_logger - INFO - 679 페이지 완료...
2021-09-01 17:35:26,089 - movie_review_logger - INFO - 680 페이지 완료...
2021-09-01 17:35:26,971 - movie_review_logger - INFO - 681 페이지 완료...
2021-09-01 17:35:27,860 - movie_review_logger - INFO - 682 페이지 완료...
2021-09-01 17:35:28,743 - movie_review_logger - INFO - 683 페이지 완료...
2021-09-01 17:35:29,655 - movie_review_logger - INFO - 684 페이지 완료...
2021-09-01 17:35:31,212 - movie_review_logger - INFO - 685 페이지 완료...
2021-09-01 17:35:31,956 - movie_review_logger - INFO - 686 페이지 완료...
2021-09-01 17:35:32,819 - movie_review_logger - INFO - 687 페이지 완료...
2021-09-01 17:35:33,584 - movie_review_logger - INFO - 688 페이지 완료...
2021-09-01 17:35:34,347 - movie_review_logger - INFO - 689 페이지 완료...
2021-09-01 17:35:35,136 - movie_review_logger - INFO - 690 페이지 완료...
2021-09-01 17:35:35,948 - movie_review_logger - INFO - 691 페이지 완료...
2021-09-01 17:35:36,738 - movie_review_logger - INFO - 692 페이지 완료...
2021-09-01 17:35:37,541 - movie_review_logger - INFO - 693 페이지 완료...
2021-09-01 17:35:38,354 - movie_review_logger - INFO - 694 페이지 완료...
2021-09-01 17:35:39,251 - movie_review_logger - INFO - 695 페이지 완료...
2021-09-01 17:35:40,042 - movie_review_logger - INFO - 696 페이지 완료...
2021-09-01 17:35:40,829 - movie_review_logger - INFO - 697 페이지 완료...
2021-09-01 17:35:41,663 - movie_review_logger - INFO - 698 페이지 완료...
2021-09-01 17:35:42,504 - movie_review_logger - INFO - 699 페이지 완료...
2021-09-01 17:35:43,392 - movie_review_logger - INFO - 700 페이지 완료...
2021-09-01 17:35:44,241 - movie_review_logger - INFO - 701 페이지 완료...
2021-09-01 17:35:45,091 - movie_review_logger - INFO - 702 페이지 완료...
2021-09-01 17:35:45,954 - movie_review_logger - INFO - 703 페이지 완료...
2021-09-01 17:35:46,788 - movie_review_logger - INFO - 704 페이지 완료...
2021-09-01 17:35:47,618 - movie_review_logger - INFO - 705 페이지 완료...
2021-09-01 17:35:48,446 - movie_review_logger - INFO - 706 페이지 완료...
2021-09-01 17:35:49,272 - movie_review_logger - INFO - 707 페이지 완료...
2021-09-01 17:35:50,110 - movie_review_logger - INFO - 708 페이지 완료...
2021-09-01 17:35:50,997 - movie_review_logger - INFO - 709 페이지 완료...
2021-09-01 17:35:51,847 - movie_review_logger - INFO - 710 페이지 완료...
2021-09-01 17:35:52,687 - movie_review_logger - INFO - 711 페이지 완료...
2021-09-01 17:35:53,548 - movie_review_logger - INFO - 712 페이지 완료...
2021-09-01 17:35:54,404 - movie_review_logger - INFO - 713 페이지 완료...
2021-09-01 17:35:55,366 - movie_review_logger - INFO - 714 페이지 완료...
2021-09-01 17:35:56,618 - movie_review_logger - INFO - 715 페이지 완료...
2021-09-01 17:35:57,522 - movie_review_logger - INFO - 716 페이지 완료...
2021-09-01 17:35:58,456 - movie_review_logger - INFO - 717 페이지 완료...
2021-09-01 17:35:59,264 - movie_review_logger - INFO - 718 페이지 완료...
2021-09-01 17:36:00,088 - movie_review_logger - INFO - 719 페이지 완료...
2021-09-01 17:36:00,933 - movie_review_logger - INFO - 720 페이지 완료...
2021-09-01 17:36:01,873 - movie_review_logger - INFO - 721 페이지 완료...
2021-09-01 17:36:02,917 - movie_review_logger - INFO - 722 페이지 완료...
2021-09-01 17:36:03,899 - movie_review_logger - INFO - 723 페이지 완료...
2021-09-01 17:36:04,762 - movie_review_logger - INFO - 724 페이지 완료...
2021-09-01 17:36:05,674 - movie_review_logger - INFO - 725 페이지 완료...
2021-09-01 17:36:06,544 - movie_review_logger - INFO - 726 페이지 완료...
2021-09-01 17:36:07,399 - movie_review_logger - INFO - 727 페이지 완료...
2021-09-01 17:36:08,362 - movie_review_logger - INFO - 728 페이지 완료...
2021-09-01 17:36:09,218 - movie_review_logger - INFO - 729 페이지 완료...
2021-09-01 17:36:10,210 - movie_review_logger - INFO - 730 페이지 완료...
2021-09-01 17:36:11,050 - movie_review_logger - INFO - 731 페이지 완료...
2021-09-01 17:36:11,897 - movie_review_logger - INFO - 732 페이지 완료...
2021-09-01 17:36:12,819 - movie_review_logger - INFO - 733 페이지 완료...
2021-09-01 17:36:13,667 - movie_review_logger - INFO - 734 페이지 완료...
2021-09-01 17:36:14,622 - movie_review_logger - INFO - 735 페이지 완료...
2021-09-01 17:36:15,667 - movie_review_logger - INFO - 736 페이지 완료...
2021-09-01 17:36:16,671 - movie_review_logger - INFO - 737 페이지 완료...
2021-09-01 17:36:17,697 - movie_review_logger - INFO - 738 페이지 완료...
2021-09-01 17:36:18,691 - movie_review_logger - INFO - 739 페이지 완료...
2021-09-01 17:36:19,769 - movie_review_logger - INFO - 740 페이지 완료...
2021-09-01 17:36:21,437 - movie_review_logger - INFO - 741 페이지 완료...
2021-09-01 17:36:21,839 - movie_review_logger - INFO - 그린 북 영화 리뷰 수집완료...
2021-09-01 17:36:23,862 - movie_review_logger - INFO - 가버나움 리뷰 수집 시작...
2021-09-01 17:36:24,491 - movie_review_logger - INFO - 1 페이지 완료...
2021-09-01 17:36:25,067 - movie_review_logger - INFO - 2 페이지 완료...
2021-09-01 17:36:25,760 - movie_review_logger - INFO - 3 페이지 완료...
2021-09-01 17:36:26,311 - movie_review_logger - INFO - 4 페이지 완료...
2021-09-01 17:36:26,957 - movie_review_logger - INFO - 5 페이지 완료...
2021-09-01 17:36:27,511 - movie_review_logger - INFO - 6 페이지 완료...
2021-09-01 17:36:28,062 - movie_review_logger - INFO - 7 페이지 완료...
2021-09-01 17:36:28,635 - movie_review_logger - INFO - 8 페이지 완료...
2021-09-01 17:36:29,339 - movie_review_logger - INFO - 9 페이지 완료...
2021-09-01 17:36:29,901 - movie_review_logger - INFO - 10 페이지 완료...
2021-09-01 17:36:30,546 - movie_review_logger - INFO - 11 페이지 완료...
2021-09-01 17:36:31,198 - movie_review_logger - INFO - 12 페이지 완료...
2021-09-01 17:36:31,783 - movie_review_logger - INFO - 13 페이지 완료...
2021-09-01 17:36:32,306 - movie_review_logger - INFO - 14 페이지 완료...
2021-09-01 17:36:32,849 - movie_review_logger - INFO - 15 페이지 완료...
2021-09-01 17:36:33,384 - movie_review_logger - INFO - 16 페이지 완료...
2021-09-01 17:36:33,971 - movie_review_logger - INFO - 17 페이지 완료...
2021-09-01 17:36:34,557 - movie_review_logger - INFO - 18 페이지 완료...
2021-09-01 17:36:35,260 - movie_review_logger - INFO - 19 페이지 완료...
2021-09-01 17:36:35,998 - movie_review_logger - INFO - 20 페이지 완료...
2021-09-01 17:36:36,624 - movie_review_logger - INFO - 21 페이지 완료...
2021-09-01 17:36:37,345 - movie_review_logger - INFO - 22 페이지 완료...
2021-09-01 17:36:38,011 - movie_review_logger - INFO - 23 페이지 완료...
2021-09-01 17:36:38,589 - movie_review_logger - INFO - 24 페이지 완료...
2021-09-01 17:36:39,174 - movie_review_logger - INFO - 25 페이지 완료...
2021-09-01 17:36:39,848 - movie_review_logger - INFO - 26 페이지 완료...
2021-09-01 17:36:40,497 - movie_review_logger - INFO - 27 페이지 완료...
2021-09-01 17:36:41,121 - movie_review_logger - INFO - 28 페이지 완료...
2021-09-01 17:36:41,744 - movie_review_logger - INFO - 29 페이지 완료...
2021-09-01 17:36:42,376 - movie_review_logger - INFO - 30 페이지 완료...
2021-09-01 17:36:42,972 - movie_review_logger - INFO - 31 페이지 완료...
2021-09-01 17:36:43,757 - movie_review_logger - INFO - 32 페이지 완료...
2021-09-01 17:36:44,424 - movie_review_logger - INFO - 33 페이지 완료...
2021-09-01 17:36:45,040 - movie_review_logger - INFO - 34 페이지 완료...
2021-09-01 17:36:45,656 - movie_review_logger - INFO - 35 페이지 완료...
2021-09-01 17:36:46,357 - movie_review_logger - INFO - 36 페이지 완료...
2021-09-01 17:36:47,023 - movie_review_logger - INFO - 37 페이지 완료...
2021-09-01 17:36:47,908 - movie_review_logger - INFO - 38 페이지 완료...
2021-09-01 17:36:48,654 - movie_review_logger - INFO - 39 페이지 완료...
